<?xml version="1.0" encoding="UTF-8"?>
<!-- Generated by org.testng.reporters.JUnitXMLReporter -->
<testsuite ignored="0" hostname="WINAA20CC6M3" failures="1" tests="5" name="Command line test 0a96987e-2d73-406f-836e-a111d4e6f76b" time="126.335" errors="0" timestamp="12 Dec 2024 13:53:39 GMT">
  <testcase classname="org.netlife.webTestScripts.TC1" name="TC1_definition" time="12.231"/>
  <testcase classname="org.netlife.webTestScripts.TC1" name="TC1_definition" time="11.314"/>
  <testcase classname="org.netlife.webTestScripts.TC2" name="TC2_definition" time="5.39">
    <failure type="org.openqa.selenium.ElementNotInteractableException" message="element not interactable
  (Session info: chrome=131.0.6778.109)
Build info: version: &amp;apos;4.11.0&amp;apos;, revision: &amp;apos;040bc5406b&amp;apos;
System info: os.name: &amp;apos;Windows 11&amp;apos;, os.arch: &amp;apos;amd64&amp;apos;, os.version: &amp;apos;10.0&amp;apos;, java.version: &amp;apos;21.0.4&amp;apos;
Driver info: org.openqa.selenium.chrome.ChromeDriver
Command: [e6fecc0b995cede5c8ec8ca8a44b3279, clickElement {id=f.49BA8B6C1C77F8E306A040DDD89BDA48.d.AB6EA721B389F611832583FAA670435B.e.19}]
Capabilities {acceptInsecureCerts: false, browserName: chrome, browserVersion: 131.0.6778.109, chrome: {chromedriverVersion: 131.0.6778.108 (3b014839fbc..., userDataDir: C:\Users\bermudez\AppData\L...}, fedcm:accounts: true, goog:chromeOptions: {debuggerAddress: localhost:64474}, networkConnectionEnabled: false, pageLoadStrategy: normal, platformName: windows, proxy: Proxy(), se:cdp: ws://localhost:64474/devtoo..., se:cdpVersion: 131.0.6778.109, setWindowRect: true, strictFileInteractability: false, timeouts: {implicit: 0, pageLoad: 300000, script: 30000}, unhandledPromptBehavior: dismiss and notify, webauthn:extension:credBlob: true, webauthn:extension:largeBlob: true, webauthn:extension:minPinLength: true, webauthn:extension:prf: true, webauthn:virtualAuthenticators: true}
Element: [[ChromeDriver: chrome on windows (e6fecc0b995cede5c8ec8ca8a44b3279)] -&amp;gt; xpath: //div[contains(@class,&amp;apos;css-text-901oao&amp;apos;) and @data-testid=&amp;apos;recover-password-text&amp;apos;]]
Session ID: e6fecc0b995cede5c8ec8ca8a44b3279">
      <![CDATA[org.openqa.selenium.ElementNotInteractableException: element not interactable
  (Session info: chrome=131.0.6778.109)
Build info: version: '4.11.0', revision: '040bc5406b'
System info: os.name: 'Windows 11', os.arch: 'amd64', os.version: '10.0', java.version: '21.0.4'
Driver info: org.openqa.selenium.chrome.ChromeDriver
Command: [e6fecc0b995cede5c8ec8ca8a44b3279, clickElement {id=f.49BA8B6C1C77F8E306A040DDD89BDA48.d.AB6EA721B389F611832583FAA670435B.e.19}]
Capabilities {acceptInsecureCerts: false, browserName: chrome, browserVersion: 131.0.6778.109, chrome: {chromedriverVersion: 131.0.6778.108 (3b014839fbc..., userDataDir: C:\Users\bermudez\AppData\L...}, fedcm:accounts: true, goog:chromeOptions: {debuggerAddress: localhost:64474}, networkConnectionEnabled: false, pageLoadStrategy: normal, platformName: windows, proxy: Proxy(), se:cdp: ws://localhost:64474/devtoo..., se:cdpVersion: 131.0.6778.109, setWindowRect: true, strictFileInteractability: false, timeouts: {implicit: 0, pageLoad: 300000, script: 30000}, unhandledPromptBehavior: dismiss and notify, webauthn:extension:credBlob: true, webauthn:extension:largeBlob: true, webauthn:extension:minPinLength: true, webauthn:extension:prf: true, webauthn:virtualAuthenticators: true}
Element: [[ChromeDriver: chrome on windows (e6fecc0b995cede5c8ec8ca8a44b3279)] -> xpath: //div[contains(@class,'css-text-901oao') and @data-testid='recover-password-text']]
Session ID: e6fecc0b995cede5c8ec8ca8a44b3279
	at org.openqa.selenium.remote.codec.w3c.W3CHttpResponseCodec.createException(W3CHttpResponseCodec.java:200)
	at org.openqa.selenium.remote.codec.w3c.W3CHttpResponseCodec.decode(W3CHttpResponseCodec.java:133)
	at org.openqa.selenium.remote.codec.w3c.W3CHttpResponseCodec.decode(W3CHttpResponseCodec.java:52)
	at org.openqa.selenium.remote.HttpCommandExecutor.execute(HttpCommandExecutor.java:191)
	at org.openqa.selenium.remote.service.DriverCommandExecutor.invokeExecute(DriverCommandExecutor.java:196)
	at org.openqa.selenium.remote.service.DriverCommandExecutor.execute(DriverCommandExecutor.java:171)
	at org.openqa.selenium.remote.RemoteWebDriver.execute(RemoteWebDriver.java:518)
	at org.openqa.selenium.remote.RemoteWebElement.execute(RemoteWebElement.java:224)
	at org.openqa.selenium.remote.RemoteWebElement.click(RemoteWebElement.java:77)
	at org.netlife.webPages.loginPage.forgotten(loginPage.java:34)
	at org.netlife.webTestScripts.TC2.TC2_definition(TC2.java:31)
	at org.netlife.trigger.Runner2.main(Runner2.java:70)
... Removed 23 stack frames]]>
    </failure>
  </testcase> <!-- TC2_definition -->
  <testcase classname="org.netlife.webTestScripts.TC8" name="TC8_definition" time="21.942"/>
  <testcase classname="org.netlife.webTestScripts.TC11" name="TC11_definition" time="24.03"/>
</testsuite> <!-- Command line test 0a96987e-2d73-406f-836e-a111d4e6f76b -->
